# JRE version: OpenJDK Runtime Environment Temurin-17.0.11+9 (17.0.11+9) (build 17.0.11+9)
# Java VM: OpenJDK 64-Bit Server VM Temurin-17.0.11+9 (17.0.11+9, mixed mode, emulated-client, tiered, compressed oops, compressed class ptrs, g1 gc, windows-amd64)
GC Precious Log:
 CPUs: 8 total, 8 available
 Memory: 8043M
 Large Page Support: Disabled
 NUMA Support: Disabled
 Compressed Oops: Enabled (32-bit)
 Heap Region Size: 1M
 Heap Min Capacity: 8M
 Heap Initial Capacity: 126M
 Heap Max Capacity: 1G
 Pre-touch: Disabled
 Parallel Workers: 8
 Concurrent Workers: 2
 Concurrent Refinement Workers: 8
 Periodic GC: Disabled
Heap:
 garbage-first heap   total 110592K, used 37168K [0x00000000c0000000, 0x0000000100000000)
  region size 1024K, 1 young (1024K), 0 survivors (0K)
 Metaspace       used 62111K, committed 62592K, reserved 1114112K
  class space    used 7588K, committed 7808K, reserved 1048576K
GC Heap History (20 events):
Event: 124684.998 GC heap before
{Heap before GC invocations=10561 (full 10359):
 garbage-first heap   total 110592K, used 37168K [0x00000000c0000000, 0x0000000100000000)
  region size 1024K, 1 young (1024K), 0 survivors (0K)
 Metaspace       used 62111K, committed 62592K, reserved 1114112K
  class space    used 7588K, committed 7808K, reserved 1048576K
}
Event: 124685.143 GC heap after
{Heap after GC invocations=10562 (full 10360):
 garbage-first heap   total 110592K, used 37168K [0x00000000c0000000, 0x0000000100000000)
  region size 1024K, 0 young (0K), 0 survivors (0K)
 Metaspace       used 62111K, committed 62592K, reserved 1114112K
  class space    used 7588K, committed 7808K, reserved 1048576K
}
Event: 124695.675 GC heap before
{Heap before GC invocations=10562 (full 10360):
 garbage-first heap   total 110592K, used 37168K [0x00000000c0000000, 0x0000000100000000)
  region size 1024K, 1 young (1024K), 0 survivors (0K)
 Metaspace       used 62111K, committed 62592K, reserved 1114112K
  class space    used 7588K, committed 7808K, reserved 1048576K
}
Event: 124695.813 GC heap after
{Heap after GC invocations=10563 (full 10361):
 garbage-first heap   total 110592K, used 37168K [0x00000000c0000000, 0x0000000100000000)
  region size 1024K, 0 young (0K), 0 survivors (0K)
 Metaspace       used 62111K, committed 62592K, reserved 1114112K
  class space    used 7588K, committed 7808K, reserved 1048576K
}
Event: 124706.648 GC heap before
{Heap before GC invocations=10563 (full 10361):
 garbage-first heap   total 110592K, used 37168K [0x00000000c0000000, 0x0000000100000000)
  region size 1024K, 1 young (1024K), 0 survivors (0K)
 Metaspace       used 62111K, committed 62592K, reserved 1114112K
  class space    used 7588K, committed 7808K, reserved 1048576K
}
Event: 124706.766 GC heap after
{Heap after GC invocations=10564 (full 10362):
 garbage-first heap   total 110592K, used 37168K [0x00000000c0000000, 0x0000000100000000)
  region size 1024K, 0 young (0K), 0 survivors (0K)
 Metaspace       used 62111K, committed 62592K, reserved 1114112K
  class space    used 7588K, committed 7808K, reserved 1048576K
}
Event: 124717.087 GC heap before
{Heap before GC invocations=10564 (full 10362):
 garbage-first heap   total 110592K, used 37168K [0x00000000c0000000, 0x0000000100000000)
  region size 1024K, 1 young (1024K), 0 survivors (0K)
 Metaspace       used 62111K, committed 62592K, reserved 1114112K
  class space    used 7588K, committed 7808K, reserved 1048576K
}
Event: 124717.183 GC heap after
{Heap after GC invocations=10565 (full 10363):
 garbage-first heap   total 110592K, used 37168K [0x00000000c0000000, 0x0000000100000000)
  region size 1024K, 0 young (0K), 0 survivors (0K)
 Metaspace       used 62111K, committed 62592K, reserved 1114112K
  class space    used 7588K, committed 7808K, reserved 1048576K
}
Event: 124727.867 GC heap before
{Heap before GC invocations=10565 (full 10363):
 garbage-first heap   total 110592K, used 37168K [0x00000000c0000000, 0x0000000100000000)
  region size 1024K, 1 young (1024K), 0 survivors (0K)
 Metaspace       used 62111K, committed 62592K, reserved 1114112K
  class space    used 7588K, committed 7808K, reserved 1048576K
}
Event: 124727.946 GC heap after
{Heap after GC invocations=10566 (full 10364):
 garbage-first heap   total 110592K, used 37168K [0x00000000c0000000, 0x0000000100000000)
  region size 1024K, 0 young (0K), 0 survivors (0K)
 Metaspace       used 62111K, committed 62592K, reserved 1114112K
  class space    used 7588K, committed 7808K, reserved 1048576K
}
Event: 124738.186 GC heap before
{Heap before GC invocations=10566 (full 10364):
 garbage-first heap   total 110592K, used 37168K [0x00000000c0000000, 0x0000000100000000)
  region size 1024K, 1 young (1024K), 0 survivors (0K)
 Metaspace       used 62111K, committed 62592K, reserved 1114112K
  class space    used 7588K, committed 7808K, reserved 1048576K
}
Event: 124738.262 GC heap after
{Heap after GC invocations=10567 (full 10365):
 garbage-first heap   total 110592K, used 37168K [0x00000000c0000000, 0x0000000100000000)
  region size 1024K, 0 young (0K), 0 survivors (0K)
 Metaspace       used 62111K, committed 62592K, reserved 1114112K
  class space    used 7588K, committed 7808K, reserved 1048576K
}
Event: 124748.538 GC heap before
{Heap before GC invocations=10567 (full 10365):
 garbage-first heap   total 110592K, used 37168K [0x00000000c0000000, 0x0000000100000000)
  region size 1024K, 1 young (1024K), 0 survivors (0K)
 Metaspace       used 62111K, committed 62592K, reserved 1114112K
  class space    used 7588K, committed 7808K, reserved 1048576K
}
Event: 124748.632 GC heap after
{Heap after GC invocations=10568 (full 10366):
 garbage-first heap   total 110592K, used 37168K [0x00000000c0000000, 0x0000000100000000)
  region size 1024K, 0 young (0K), 0 survivors (0K)
 Metaspace       used 62111K, committed 62592K, reserved 1114112K
  class space    used 7588K, committed 7808K, reserved 1048576K
}
Event: 124758.878 GC heap before
{Heap before GC invocations=10568 (full 10366):
 garbage-first heap   total 110592K, used 37168K [0x00000000c0000000, 0x0000000100000000)
  region size 1024K, 1 young (1024K), 0 survivors (0K)
 Metaspace       used 62111K, committed 62592K, reserved 1114112K
  class space    used 7588K, committed 7808K, reserved 1048576K
}
Event: 124758.943 GC heap after
{Heap after GC invocations=10569 (full 10367):
 garbage-first heap   total 110592K, used 37168K [0x00000000c0000000, 0x0000000100000000)
  region size 1024K, 0 young (0K), 0 survivors (0K)
 Metaspace       used 62111K, committed 62592K, reserved 1114112K
  class space    used 7588K, committed 7808K, reserved 1048576K
}
Event: 124769.099 GC heap before
{Heap before GC invocations=10569 (full 10367):
 garbage-first heap   total 110592K, used 37168K [0x00000000c0000000, 0x0000000100000000)
  region size 1024K, 1 young (1024K), 0 survivors (0K)
 Metaspace       used 62111K, committed 62592K, reserved 1114112K
  class space    used 7588K, committed 7808K, reserved 1048576K
}
Event: 124769.155 GC heap after
{Heap after GC invocations=10570 (full 10368):
 garbage-first heap   total 110592K, used 37168K [0x00000000c0000000, 0x0000000100000000)
  region size 1024K, 0 young (0K), 0 survivors (0K)
 Metaspace       used 62111K, committed 62592K, reserved 1114112K
  class space    used 7588K, committed 7808K, reserved 1048576K
}
Event: 124779.462 GC heap before
{Heap before GC invocations=10570 (full 10368):
 garbage-first heap   total 110592K, used 37168K [0x00000000c0000000, 0x0000000100000000)
  region size 1024K, 1 young (1024K), 0 survivors (0K)
 Metaspace       used 62111K, committed 62592K, reserved 1114112K
  class space    used 7588K, committed 7808K, reserved 1048576K
}
Event: 124779.533 GC heap after
{Heap after GC invocations=10571 (full 10369):
 garbage-first heap   total 110592K, used 37168K [0x00000000c0000000, 0x0000000100000000)
  region size 1024K, 0 young (0K), 0 survivors (0K)
 Metaspace       used 62111K, committed 62592K, reserved 1114112K
  class space    used 7588K, committed 7808K, reserved 1048576K
}

